<?xml version="1.0" encoding="UTF-8"?>
<Site BuildName="Win32-mingw32-make"
	BuildStamp="20230705-0949-Experimental"
	Name="DESKTOP-F5840H6"
	Generator="ctest-3.27.0-rc4"
	CompilerName="C:/msys64/mingw64/bin/g++.exe"
	CompilerVersion="13.1.0"
	OSName="Windows"
	Hostname="DESKTOP-F5840H6"
	OSRelease=" Professional"
	OSVersion=" (Build 19045)"
	OSPlatform="AMD64"
	Is64Bits="1"
	VendorString="AuthenticAMD"
	VendorID="Advanced Micro Devices"
	FamilyID="15"
	ModelID="1"
	ProcessorCacheSize="96"
	NumberOfLogicalCPU="4"
	NumberOfPhysicalCPU="4"
	TotalVirtualMemory="9804"
	TotalPhysicalMemory="6092"
	LogicalProcessorsPerPhysical="1"
	ProcessorClockFrequency="3493"
	>
	<Testing>
		<StartDateTime>Jul 05 12:28 W. Europe Summer Time</StartDateTime>
		<StartTestTime>1688552906</StartTestTime>
		<TestList/>
		<EndDateTime>Jul 05 12:28 W. Europe Summer Time</EndDateTime>
		<EndTestTime>1688552906</EndTestTime>
		<ElapsedMinutes>0</ElapsedMinutes>
	</Testing>
</Site>
